<?xml version="1.0" encoding="UTF-8"?>
<!-- Generated by org.testng.reporters.JUnitReportReporter -->
<testsuite hostname="Subhankar-DESKTOP-JVFSMT7" failures="0" tests="5" name="tests.TestClass" time="39.439" errors="0" timestamp="2025-07-21T07:27:32 GMT-04:00" skipped="0">
  <testcase classname="tests.TestClass" name="registrationTest" time="7.186"/>
  <testcase classname="tests.TestClass" name="loginTest" time="6.496"/>
  <testcase classname="tests.TestClass" name="searchTest" time="8.073"/>
  <testcase classname="tests.TestClass" name="searchTest" time="9.237"/>
  <testcase classname="tests.TestClass" name="searchTest" time="8.447"/>
</testsuite> <!-- tests.TestClass -->
