<?xml version="1.0" encoding="UTF-8"?>
<!-- Generated by org.testng.reporters.JUnitReportReporter -->
<testsuite hostname="Subhankar-DESKTOP-JVFSMT7" failures="0" tests="5" name="tests.TestClass" time="37.387" errors="0" timestamp="2025-07-22T15:44:01 GMT-04:00" skipped="0">
  <testcase classname="tests.TestClass" name="registrationTest" time="7.133"/>
  <testcase classname="tests.TestClass" name="loginTest" time="5.219"/>
  <testcase classname="tests.TestClass" name="searchTest" time="8.301"/>
  <testcase classname="tests.TestClass" name="searchTest" time="10.842"/>
  <testcase classname="tests.TestClass" name="searchTest" time="5.892"/>
</testsuite> <!-- tests.TestClass -->
